This file contains any messages produced by compilers while
running configure, to aid debugging if configure makes a mistake.

It was created by libcerf configure 1:5, which was
generated by GNU Autoconf 2.69.  Invocation command line was

  $ ./configure 

## --------- ##
## Platform. ##
## --------- ##

hostname = MacBookPro.lan
uname -m = x86_64
uname -r = 18.7.0
uname -s = Darwin
uname -v = Darwin Kernel Version 18.7.0: Tue Aug 20 16:57:14 PDT 2019; root:xnu-4903.271.2~2/RELEASE_X86_64

/usr/bin/uname -p = i386
/bin/uname -X     = unknown

/bin/arch              = unknown
/usr/bin/arch -k       = unknown
/usr/convex/getsysinfo = unknown
/usr/bin/hostinfo      = Mach kernel version:
	 Darwin Kernel Version 18.7.0: Tue Aug 20 16:57:14 PDT 2019; root:xnu-4903.271.2~2/RELEASE_X86_64
Kernel configured for up to 4 processors.
2 processors are physically available.
4 processors are logically available.
Processor type: x86_64h (Intel x86-64h Haswell)
Processors active: 0 1 2 3
Primary memory available: 8.00 gigabytes
Default processor set: 344 tasks, 1882 threads, 4 processors
Load average: 3.11, Mach factor: 1.42
/bin/machine           = unknown
/usr/bin/oslevel       = unknown
/bin/universe          = unknown

PATH: /Users/federica/DEBUSSY/DEBUSSY_v2.2/bin
PATH: /Users/federica/anaconda3/bin
PATH: /Users/federica/DEBUSSY/DEBUSSY_v2.2_2019/bin
PATH: /opt/local/bin
PATH: /opt/local/sbin
PATH: /usr/local/bin
PATH: /usr/bin
PATH: /bin
PATH: /usr/sbin
PATH: /sbin
PATH: /opt/X11/bin
PATH: /Applications/EoSFit7


## ----------- ##
## Core tests. ##
## ----------- ##

configure:2186: checking for a BSD-compatible install
configure:2254: result: /usr/bin/install -c
configure:2265: checking whether build environment is sane
configure:2320: result: yes
configure:2471: checking for a thread-safe mkdir -p
configure:2510: result: build-aux/install-sh -c -d
configure:2517: checking for gawk
configure:2533: found /opt/local/bin/gawk
configure:2544: result: gawk
configure:2555: checking whether make sets $(MAKE)
configure:2577: result: yes
configure:2606: checking whether make supports nested variables
configure:2623: result: yes
configure:2778: checking build system type
configure:2792: result: x86_64-apple-darwin18.7.0
configure:2812: checking host system type
configure:2825: result: x86_64-apple-darwin18.7.0
configure:2866: checking how to print strings
configure:2893: result: printf
configure:2926: checking for style of include used by make
configure:2954: result: GNU
configure:3025: checking for gcc
configure:3041: found /opt/local/bin/gcc
configure:3052: result: gcc
configure:3281: checking for C compiler version
configure:3290: gcc --version >&5
gcc (MacPorts gcc6 6.5.0_5) 6.5.0
Copyright (C) 2017 Free Software Foundation, Inc.
This is free software; see the source for copying conditions.  There is NO
warranty; not even for MERCHANTABILITY or FITNESS FOR A PARTICULAR PURPOSE.

configure:3301: $? = 0
configure:3290: gcc -v >&5
Using built-in specs.
COLLECT_GCC=gcc
COLLECT_LTO_WRAPPER=/opt/local/libexec/gcc/x86_64-apple-darwin18/6.5.0/lto-wrapper
Target: x86_64-apple-darwin18
Configured with: /opt/local/var/macports/build/_opt_bblocal_var_buildworker_ports_build_ports_lang_gcc6/gcc6/work/gcc-6.5.0/configure --prefix=/opt/local --build=x86_64-apple-darwin18 --enable-languages=c,c++,objc,obj-c++,lto,fortran --libdir=/opt/local/lib/gcc6 --includedir=/opt/local/include/gcc6 --infodir=/opt/local/share/info --mandir=/opt/local/share/man --datarootdir=/opt/local/share/gcc-6 --with-local-prefix=/opt/local --with-system-zlib --disable-nls --program-suffix=-mp-6 --with-gxx-include-dir=/opt/local/include/gcc6/c++/ --with-gmp=/opt/local --with-mpfr=/opt/local --with-mpc=/opt/local --with-isl=/opt/local --enable-stage1-checking --disable-multilib --enable-lto --enable-libstdcxx-time --with-build-config=bootstrap-debug --with-as=/opt/local/bin/as --with-ld=/opt/local/bin/ld --with-ar=/opt/local/bin/ar --with-bugurl=https://trac.macports.org/newticket --disable-tls --with-pkgversion='MacPorts gcc6 6.5.0_5' --with-sysroot=/Library/Developer/CommandLineTools/SDKs/MacOSX10.14.sdk
Thread model: posix
gcc version 6.5.0 (MacPorts gcc6 6.5.0_5) 
configure:3301: $? = 0
configure:3290: gcc -V >&5
gcc: error: unrecognized command line option '-V'
gcc: fatal error: no input files
compilation terminated.
configure:3301: $? = 1
configure:3290: gcc -qversion >&5
gcc: error: unrecognized command line option '-qversion'; did you mean '--version'?
gcc: fatal error: no input files
compilation terminated.
configure:3301: $? = 1
configure:3321: checking whether the C compiler works
configure:3343: gcc    conftest.c  >&5
configure:3347: $? = 0
configure:3395: result: yes
configure:3398: checking for C compiler default output file name
configure:3400: result: a.out
configure:3406: checking for suffix of executables
configure:3413: gcc -o conftest    conftest.c  >&5
configure:3417: $? = 0
configure:3439: result: 
configure:3461: checking whether we are cross compiling
configure:3469: gcc -o conftest    conftest.c  >&5
configure:3473: $? = 0
configure:3480: ./conftest
configure:3484: $? = 0
configure:3499: result: no
configure:3504: checking for suffix of object files
configure:3526: gcc -c   conftest.c >&5
configure:3530: $? = 0
configure:3551: result: o
configure:3555: checking whether we are using the GNU C compiler
configure:3574: gcc -c   conftest.c >&5
configure:3574: $? = 0
configure:3583: result: yes
configure:3592: checking whether gcc accepts -g
configure:3612: gcc -c -g  conftest.c >&5
configure:3612: $? = 0
configure:3653: result: yes
configure:3670: checking for gcc option to accept ISO C89
configure:3733: gcc  -c -g -O2  conftest.c >&5
configure:3733: $? = 0
configure:3746: result: none needed
configure:3771: checking whether gcc understands -c and -o together
configure:3793: gcc -c conftest.c -o conftest2.o
configure:3796: $? = 0
configure:3793: gcc -c conftest.c -o conftest2.o
configure:3796: $? = 0
configure:3808: result: yes
configure:3827: checking dependency style of gcc
configure:3938: result: gcc3
configure:3953: checking for a sed that does not truncate output
configure:4017: result: /opt/local/bin/gsed
configure:4035: checking for grep that handles long lines and -e
configure:4093: result: /usr/bin/grep
configure:4098: checking for egrep
configure:4160: result: /usr/bin/grep -E
configure:4165: checking for fgrep
configure:4227: result: /usr/bin/grep -F
configure:4262: checking for ld used by gcc
configure:4329: result: /opt/local/bin/ld
configure:4336: checking if the linker (/opt/local/bin/ld) is GNU ld
configure:4351: result: no
configure:4363: checking for BSD- or MS-compatible name lister (nm)
configure:4417: result: /opt/local/bin/nm -B
configure:4547: checking the name lister (/opt/local/bin/nm -B) interface
configure:4554: gcc -c -g -O2  conftest.c >&5
configure:4557: /opt/local/bin/nm -B "conftest.o"
configure:4560: output
00000000000001ac S _some_variable
configure:4567: result: BSD nm
configure:4570: checking whether ln -s works
configure:4574: result: yes
configure:4582: checking the maximum length of command line arguments
configure:4713: result: 196608
configure:4761: checking how to convert x86_64-apple-darwin18.7.0 file names to x86_64-apple-darwin18.7.0 format
configure:4801: result: func_convert_file_noop
configure:4808: checking how to convert x86_64-apple-darwin18.7.0 file names to toolchain format
configure:4828: result: func_convert_file_noop
configure:4835: checking for /opt/local/bin/ld option to reload object files
configure:4842: result: -r
configure:4916: checking for objdump
configure:4932: found /usr/bin/objdump
configure:4943: result: objdump
configure:4975: checking how to recognize dependent libraries
configure:5175: result: pass_all
configure:5260: checking for dlltool
configure:5290: result: no
configure:5320: checking how to associate runtime and link libraries
configure:5347: result: printf %s\n
configure:5408: checking for ar
configure:5424: found /opt/local/bin/ar
configure:5435: result: ar
configure:5472: checking for archiver @FILE support
configure:5489: gcc -c -g -O2  conftest.c >&5
configure:5489: $? = 0
configure:5492: ar cru libconftest.a @conftest.lst >&5
ar: @conftest.lst: No such file or directory
configure:5495: $? = 1
configure:5515: result: no
configure:5573: checking for strip
configure:5589: found /opt/local/bin/strip
configure:5600: result: strip
configure:5672: checking for ranlib
configure:5688: found /opt/local/bin/ranlib
configure:5699: result: ranlib
configure:5801: checking command to parse /opt/local/bin/nm -B output from gcc object
configure:5954: gcc -c -g -O2  conftest.c >&5
configure:5957: $? = 0
configure:5961: /opt/local/bin/nm -B conftest.o \| sed -n -e 's/^.*[ ]\([BCDEGRST][BCDEGRST]*\)[ ][ ]*\([_A-Za-z][_A-Za-z0-9]*\)$/\1 \2 \2/p' | sed '/ __gnu_lto/d' \> conftest.nm
configure:5964: $? = 0
cannot find nm_test_var in conftest.nm
configure:5954: gcc -c -g -O2  conftest.c >&5
configure:5957: $? = 0
configure:5961: /opt/local/bin/nm -B conftest.o \| sed -n -e 's/^.*[ ]\([BCDEGRST][BCDEGRST]*\)[ ][ ]*_\([_A-Za-z][_A-Za-z0-9]*\)$/\1 _\2 \2/p' | sed '/ __gnu_lto/d' \> conftest.nm
configure:5964: $? = 0
configure:6030: gcc -o conftest -g -O2   conftest.c conftstm.o >&5
warning: (x86_64)  could not find object file symbol for symbol _main
configure:6033: $? = 0
configure:6071: result: ok
configure:6118: checking for sysroot
configure:6148: result: no
configure:6155: checking for a working dd
configure:6193: result: /bin/dd
configure:6197: checking how to truncate binary pipes
configure:6212: result: /bin/dd bs=4096 count=1
configure:6541: checking for mt
configure:6571: result: no
configure:6591: checking if : is a manifest tool
configure:6597: : '-?'
configure:6605: result: no
configure:6661: checking for dsymutil
configure:6677: found /usr/bin/dsymutil
configure:6688: result: dsymutil
configure:6753: checking for nmedit
configure:6769: found /opt/local/bin/nmedit
configure:6780: result: nmedit
configure:6845: checking for lipo
configure:6861: found /opt/local/bin/lipo
configure:6872: result: lipo
configure:6937: checking for otool
configure:6953: found /opt/local/bin/otool
configure:6964: result: otool
configure:7029: checking for otool64
configure:7059: result: no
configure:7104: checking for -single_module linker flag
gcc -g -O2  -o libconftest.dylib -dynamiclib -Wl,-single_module conftest.c
configure:7137: result: yes
configure:7140: checking for -exported_symbols_list linker flag
configure:7160: gcc -o conftest -g -O2   -Wl,-exported_symbols_list,conftest.sym conftest.c  >&5
configure:7160: $? = 0
configure:7170: result: yes
configure:7173: checking for -force_load linker flag
gcc -g -O2 -c -o conftest.o conftest.c
ar cru libconftest.a conftest.o
ranlib libconftest.a
gcc -g -O2  -o conftest conftest.c -Wl,-force_load,./libconftest.a
configure:7205: result: yes
configure:7282: checking how to run the C preprocessor
configure:7313: gcc -E  conftest.c
configure:7313: $? = 0
configure:7327: gcc -E  conftest.c
conftest.c:11:28: fatal error: ac_nonexistent.h: No such file or directory
 #include <ac_nonexistent.h>
                            ^
compilation terminated.
configure:7327: $? = 1
configure: failed program was:
| /* confdefs.h */
| #define PACKAGE_NAME "libcerf"
| #define PACKAGE_TARNAME "libcerf"
| #define PACKAGE_VERSION "1:5"
| #define PACKAGE_STRING "libcerf 1:5"
| #define PACKAGE_BUGREPORT "http://apps.jcns.fz-juelich.de/libcerf"
| #define PACKAGE_URL ""
| #define PACKAGE "libcerf"
| #define VERSION "1:5"
| /* end confdefs.h.  */
| #include <ac_nonexistent.h>
configure:7352: result: gcc -E
configure:7372: gcc -E  conftest.c
configure:7372: $? = 0
configure:7386: gcc -E  conftest.c
conftest.c:11:28: fatal error: ac_nonexistent.h: No such file or directory
 #include <ac_nonexistent.h>
                            ^
compilation terminated.
configure:7386: $? = 1
configure: failed program was:
| /* confdefs.h */
| #define PACKAGE_NAME "libcerf"
| #define PACKAGE_TARNAME "libcerf"
| #define PACKAGE_VERSION "1:5"
| #define PACKAGE_STRING "libcerf 1:5"
| #define PACKAGE_BUGREPORT "http://apps.jcns.fz-juelich.de/libcerf"
| #define PACKAGE_URL ""
| #define PACKAGE "libcerf"
| #define VERSION "1:5"
| /* end confdefs.h.  */
| #include <ac_nonexistent.h>
configure:7415: checking for ANSI C header files
configure:7435: gcc -c -g -O2  conftest.c >&5
configure:7435: $? = 0
configure:7508: gcc -o conftest -g -O2   conftest.c  >&5
configure:7508: $? = 0
configure:7508: ./conftest
configure:7508: $? = 0
configure:7519: result: yes
configure:7532: checking for sys/types.h
configure:7532: gcc -c -g -O2  conftest.c >&5
configure:7532: $? = 0
configure:7532: result: yes
configure:7532: checking for sys/stat.h
configure:7532: gcc -c -g -O2  conftest.c >&5
configure:7532: $? = 0
configure:7532: result: yes
configure:7532: checking for stdlib.h
configure:7532: gcc -c -g -O2  conftest.c >&5
configure:7532: $? = 0
configure:7532: result: yes
configure:7532: checking for string.h
configure:7532: gcc -c -g -O2  conftest.c >&5
configure:7532: $? = 0
configure:7532: result: yes
configure:7532: checking for memory.h
configure:7532: gcc -c -g -O2  conftest.c >&5
configure:7532: $? = 0
configure:7532: result: yes
configure:7532: checking for strings.h
configure:7532: gcc -c -g -O2  conftest.c >&5
configure:7532: $? = 0
configure:7532: result: yes
configure:7532: checking for inttypes.h
configure:7532: gcc -c -g -O2  conftest.c >&5
configure:7532: $? = 0
configure:7532: result: yes
configure:7532: checking for stdint.h
configure:7532: gcc -c -g -O2  conftest.c >&5
configure:7532: $? = 0
configure:7532: result: yes
configure:7532: checking for unistd.h
configure:7532: gcc -c -g -O2  conftest.c >&5
configure:7532: $? = 0
configure:7532: result: yes
configure:7546: checking for dlfcn.h
configure:7546: gcc -c -g -O2  conftest.c >&5
configure:7546: $? = 0
configure:7546: result: yes
configure:7801: checking for objdir
configure:7816: result: .libs
configure:8080: checking if gcc supports -fno-rtti -fno-exceptions
configure:8098: gcc -c -g -O2  -fno-rtti -fno-exceptions conftest.c >&5
cc1: warning: command line option '-fno-rtti' is valid for C++/ObjC++ but not for C
configure:8102: $? = 0
configure:8115: result: no
configure:8473: checking for gcc option to produce PIC
configure:8480: result: -fno-common -DPIC
configure:8488: checking if gcc PIC flag -fno-common -DPIC works
configure:8506: gcc -c -g -O2  -fno-common -DPIC -DPIC conftest.c >&5
configure:8510: $? = 0
configure:8523: result: yes
configure:8552: checking if gcc static flag -static works
configure:8580: result: no
configure:8595: checking if gcc supports -c -o file.o
configure:8616: gcc -c -g -O2  -o out/conftest2.o conftest.c >&5
configure:8620: $? = 0
configure:8642: result: yes
configure:8650: checking if gcc supports -c -o file.o
configure:8697: result: yes
configure:8730: checking whether the gcc linker (/opt/local/bin/ld) supports shared libraries
configure:9993: result: yes
configure:10233: checking dynamic linker characteristics
configure:11063: result: darwin18.7.0 dyld
configure:11185: checking how to hardcode library paths into programs
configure:11210: result: immediate
configure:11758: checking whether stripping libraries is possible
configure:11772: result: yes
configure:11798: checking if libtool supports shared libraries
configure:11800: result: yes
configure:11803: checking whether to build shared libraries
configure:11828: result: yes
configure:11831: checking whether to build static libraries
configure:11835: result: no
configure:11873: checking for gcc option to accept ISO C99
configure:12022: gcc  -c -g -O2  conftest.c >&5
configure:12022: $? = 0
configure:12035: result: none needed
configure:12054: checking for ANSI C header files
configure:12158: result: yes
configure:12171: checking for sin in -lm
configure:12196: gcc -o conftest -g -O2   conftest.c -lm   >&5
conftest.c:31:6: warning: conflicting types for built-in function 'sin'
 char sin ();
      ^~~
configure:12196: $? = 0
configure:12205: result: yes
configure:12218: checking for erfc in -lm
configure:12243: gcc -o conftest -g -O2   conftest.c -lm  -lm  >&5
conftest.c:32:6: warning: conflicting types for built-in function 'erfc'
 char erfc ();
      ^~~~
configure:12243: $? = 0
configure:12252: result: yes
configure:12378: checking that generated files are newer than configure
configure:12384: result: done
configure:12407: creating ./config.status

## ---------------------- ##
## Running config.status. ##
## ---------------------- ##

This file was extended by libcerf config.status 1:5, which was
generated by GNU Autoconf 2.69.  Invocation command line was

  CONFIG_FILES    = 
  CONFIG_HEADERS  = 
  CONFIG_LINKS    = 
  CONFIG_COMMANDS = 
  $ ./config.status 

on MacBookPro.lan

config.status:1089: creating Makefile
config.status:1089: creating lib/Makefile
config.status:1089: creating man/Makefile
config.status:1089: creating test/Makefile
config.status:1089: creating libcerf.pc
config.status:1089: creating config.h
config.status:1318: executing depfiles commands
config.status:1318: executing libtool commands

## ---------------- ##
## Cache variables. ##
## ---------------- ##

ac_cv_build=x86_64-apple-darwin18.7.0
ac_cv_c_compiler_gnu=yes
ac_cv_env_CC_set=
ac_cv_env_CC_value=
ac_cv_env_CFLAGS_set=
ac_cv_env_CFLAGS_value=
ac_cv_env_CPPFLAGS_set=
ac_cv_env_CPPFLAGS_value=
ac_cv_env_CPP_set=
ac_cv_env_CPP_value=
ac_cv_env_LDFLAGS_set=
ac_cv_env_LDFLAGS_value=
ac_cv_env_LIBS_set=
ac_cv_env_LIBS_value=
ac_cv_env_LT_SYS_LIBRARY_PATH_set=
ac_cv_env_LT_SYS_LIBRARY_PATH_value=
ac_cv_env_build_alias_set=
ac_cv_env_build_alias_value=
ac_cv_env_host_alias_set=
ac_cv_env_host_alias_value=
ac_cv_env_target_alias_set=
ac_cv_env_target_alias_value=
ac_cv_header_dlfcn_h=yes
ac_cv_header_inttypes_h=yes
ac_cv_header_memory_h=yes
ac_cv_header_stdc=yes
ac_cv_header_stdint_h=yes
ac_cv_header_stdlib_h=yes
ac_cv_header_string_h=yes
ac_cv_header_strings_h=yes
ac_cv_header_sys_stat_h=yes
ac_cv_header_sys_types_h=yes
ac_cv_header_unistd_h=yes
ac_cv_host=x86_64-apple-darwin18.7.0
ac_cv_lib_m_erfc=yes
ac_cv_lib_m_sin=yes
ac_cv_objext=o
ac_cv_path_EGREP='/usr/bin/grep -E'
ac_cv_path_FGREP='/usr/bin/grep -F'
ac_cv_path_GREP=/usr/bin/grep
ac_cv_path_SED=/opt/local/bin/gsed
ac_cv_path_install='/usr/bin/install -c'
ac_cv_path_lt_DD=/bin/dd
ac_cv_prog_AWK=gawk
ac_cv_prog_CPP='gcc -E'
ac_cv_prog_ac_ct_AR=ar
ac_cv_prog_ac_ct_CC=gcc
ac_cv_prog_ac_ct_DSYMUTIL=dsymutil
ac_cv_prog_ac_ct_LIPO=lipo
ac_cv_prog_ac_ct_NMEDIT=nmedit
ac_cv_prog_ac_ct_OBJDUMP=objdump
ac_cv_prog_ac_ct_OTOOL=otool
ac_cv_prog_ac_ct_RANLIB=ranlib
ac_cv_prog_ac_ct_STRIP=strip
ac_cv_prog_cc_c89=
ac_cv_prog_cc_c99=
ac_cv_prog_cc_g=yes
ac_cv_prog_make_make_set=yes
am_cv_CC_dependencies_compiler_type=gcc3
am_cv_make_support_nested_variables=yes
am_cv_prog_cc_c_o=yes
lt_cv_apple_cc_single_mod=yes
lt_cv_ar_at_file=no
lt_cv_deplibs_check_method=pass_all
lt_cv_file_magic_cmd='$MAGIC_CMD'
lt_cv_file_magic_test_file=
lt_cv_ld_exported_symbols_list=yes
lt_cv_ld_force_load=yes
lt_cv_ld_reload_flag=-r
lt_cv_nm_interface='BSD nm'
lt_cv_objdir=.libs
lt_cv_path_LD=/opt/local/bin/ld
lt_cv_path_NM='/opt/local/bin/nm -B'
lt_cv_path_mainfest_tool=no
lt_cv_prog_compiler_c_o=yes
lt_cv_prog_compiler_pic='-fno-common -DPIC'
lt_cv_prog_compiler_pic_works=yes
lt_cv_prog_compiler_rtti_exceptions=no
lt_cv_prog_compiler_static_works=no
lt_cv_prog_gnu_ld=no
lt_cv_sharedlib_from_linklib_cmd='printf %s\n'
lt_cv_sys_global_symbol_pipe='sed -n -e '\''s/^.*[	 ]\([BCDEGRST][BCDEGRST]*\)[	 ][	 ]*_\([_A-Za-z][_A-Za-z0-9]*\)$/\1 _\2 \2/p'\'' | sed '\''/ __gnu_lto/d'\'''
lt_cv_sys_global_symbol_to_c_name_address='sed -n -e '\''s/^: \(.*\) .*$/  {"\1", (void *) 0},/p'\'' -e '\''s/^[BCDEGRST][BCDEGRST]* .* \(.*\)$/  {"\1", (void *) \&\1},/p'\'''
lt_cv_sys_global_symbol_to_c_name_address_lib_prefix='sed -n -e '\''s/^: \(.*\) .*$/  {"\1", (void *) 0},/p'\'' -e '\''s/^[BCDEGRST][BCDEGRST]* .* \(lib.*\)$/  {"\1", (void *) \&\1},/p'\'' -e '\''s/^[BCDEGRST][BCDEGRST]* .* \(.*\)$/  {"lib\1", (void *) \&\1},/p'\'''
lt_cv_sys_global_symbol_to_cdecl='sed -n -e '\''s/^T .* \(.*\)$/extern int \1();/p'\'' -e '\''s/^[BCDEGRST][BCDEGRST]* .* \(.*\)$/extern char \1;/p'\'''
lt_cv_sys_global_symbol_to_import=
lt_cv_sys_max_cmd_len=196608
lt_cv_to_host_file_cmd=func_convert_file_noop
lt_cv_to_tool_file_cmd=func_convert_file_noop
lt_cv_truncate_bin='/bin/dd bs=4096 count=1'

## ----------------- ##
## Output variables. ##
## ----------------- ##

ACLOCAL='${SHELL} /Users/federica/DEBUSSY/DEBUSSY_v2.2/extlib/libcerf-1.5/build-aux/missing aclocal-1.15'
AMDEPBACKSLASH='\'
AMDEP_FALSE='#'
AMDEP_TRUE=''
AMTAR='$${TAR-tar}'
AM_BACKSLASH='\'
AM_CFLAGS='-pedantic -Wall'
AM_DEFAULT_V='$(AM_DEFAULT_VERBOSITY)'
AM_DEFAULT_VERBOSITY='1'
AM_V='$(V)'
AR='ar'
AUTOCONF='${SHELL} /Users/federica/DEBUSSY/DEBUSSY_v2.2/extlib/libcerf-1.5/build-aux/missing autoconf'
AUTOHEADER='${SHELL} /Users/federica/DEBUSSY/DEBUSSY_v2.2/extlib/libcerf-1.5/build-aux/missing autoheader'
AUTOMAKE='${SHELL} /Users/federica/DEBUSSY/DEBUSSY_v2.2/extlib/libcerf-1.5/build-aux/missing automake-1.15'
AWK='gawk'
CC='gcc'
CCDEPMODE='depmode=gcc3'
CFLAGS='-g -O2'
CPP='gcc -E'
CPPFLAGS=''
CYGPATH_W='echo'
DEFS='-DHAVE_CONFIG_H'
DEPDIR='.deps'
DLLTOOL='false'
DSYMUTIL='dsymutil'
DUMPBIN=''
ECHO_C='\c'
ECHO_N=''
ECHO_T=''
EGREP='/usr/bin/grep -E'
EXEEXT=''
FGREP='/usr/bin/grep -F'
GREP='/usr/bin/grep'
INSTALL_DATA='${INSTALL} -m 644'
INSTALL_PROGRAM='${INSTALL}'
INSTALL_SCRIPT='${INSTALL}'
INSTALL_STRIP_PROGRAM='$(install_sh) -c -s'
LD='/opt/local/bin/ld'
LDFLAGS=''
LIBOBJS=''
LIBS='-lm -lm '
LIBTOOL='$(SHELL) $(top_builddir)/libtool'
LIPO='lipo'
LN_S='ln -s'
LTLIBOBJS=''
LT_SYS_LIBRARY_PATH=''
MAKEINFO='${SHELL} /Users/federica/DEBUSSY/DEBUSSY_v2.2/extlib/libcerf-1.5/build-aux/missing makeinfo'
MANIFEST_TOOL=':'
MKDIR_P='build-aux/install-sh -c -d'
NM='/opt/local/bin/nm -B'
NMEDIT='nmedit'
OBJDUMP='objdump'
OBJEXT='o'
OTOOL64=':'
OTOOL='otool'
PACKAGE='libcerf'
PACKAGE_BUGREPORT='http://apps.jcns.fz-juelich.de/libcerf'
PACKAGE_NAME='libcerf'
PACKAGE_STRING='libcerf 1:5'
PACKAGE_TARNAME='libcerf'
PACKAGE_URL=''
PACKAGE_VERSION='1:5'
PATH_SEPARATOR=':'
RANLIB='ranlib'
SED='/opt/local/bin/gsed'
SET_MAKE=''
SHELL='/bin/sh'
STRIP='strip'
VERSION='1:5'
ac_ct_AR='ar'
ac_ct_CC='gcc'
ac_ct_DUMPBIN=''
am__EXEEXT_FALSE=''
am__EXEEXT_TRUE='#'
am__fastdepCC_FALSE='#'
am__fastdepCC_TRUE=''
am__include='include'
am__isrc=''
am__leading_dot='.'
am__nodep='_no'
am__quote=''
am__tar='$${TAR-tar} chof - "$$tardir"'
am__untar='$${TAR-tar} xf -'
bindir='${exec_prefix}/bin'
build='x86_64-apple-darwin18.7.0'
build_alias=''
build_cpu='x86_64'
build_os='darwin18.7.0'
build_vendor='apple'
datadir='${datarootdir}'
datarootdir='${prefix}/share'
docdir='${datarootdir}/doc/${PACKAGE_TARNAME}'
dvidir='${docdir}'
exec_prefix='${prefix}'
host='x86_64-apple-darwin18.7.0'
host_alias=''
host_cpu='x86_64'
host_os='darwin18.7.0'
host_vendor='apple'
htmldir='${docdir}'
includedir='${prefix}/include'
infodir='${datarootdir}/info'
install_sh='${SHELL} /Users/federica/DEBUSSY/DEBUSSY_v2.2/extlib/libcerf-1.5/build-aux/install-sh'
libdir='${exec_prefix}/lib'
libexecdir='${exec_prefix}/libexec'
localedir='${datarootdir}/locale'
localstatedir='${prefix}/var'
mandir='${datarootdir}/man'
mkdir_p='$(MKDIR_P)'
oldincludedir='/usr/include'
pdfdir='${docdir}'
prefix='/usr/local'
program_transform_name='s,x,x,'
psdir='${docdir}'
runstatedir='${localstatedir}/run'
sbindir='${exec_prefix}/sbin'
sharedstatedir='${prefix}/com'
sysconfdir='${prefix}/etc'
target_alias=''

## ----------- ##
## confdefs.h. ##
## ----------- ##

/* confdefs.h */
#define PACKAGE_NAME "libcerf"
#define PACKAGE_TARNAME "libcerf"
#define PACKAGE_VERSION "1:5"
#define PACKAGE_STRING "libcerf 1:5"
#define PACKAGE_BUGREPORT "http://apps.jcns.fz-juelich.de/libcerf"
#define PACKAGE_URL ""
#define PACKAGE "libcerf"
#define VERSION "1:5"
#define STDC_HEADERS 1
#define HAVE_SYS_TYPES_H 1
#define HAVE_SYS_STAT_H 1
#define HAVE_STDLIB_H 1
#define HAVE_STRING_H 1
#define HAVE_MEMORY_H 1
#define HAVE_STRINGS_H 1
#define HAVE_INTTYPES_H 1
#define HAVE_STDINT_H 1
#define HAVE_UNISTD_H 1
#define HAVE_DLFCN_H 1
#define LT_OBJDIR ".libs/"
#define STDC_HEADERS 1
#define HAVE_LIBM 1
#define HAVE_LIBM 1

configure: exit 0
